<?xml version="1.0" encoding="UTF-8"?>
<rss version="2.0" xmlns:dc="http://purl.org/dc/elements/1.1/"
     xmlns:media="http://search.yahoo.com/mrss/">
  <channel>
    <title>Top Stories</title>
    <category>Australian Broadcasting Corporation: All content</category>
    <link>http://www.abc.net.au/preview/default/2717900</link>
    <language>en-AU</language>
    <copyright>Copyright 2015, Australian Broadcasting Corporation. All Rights Reserved.</copyright>
    <pubDate></pubDate>
    <lastBuildDate></lastBuildDate>
    <docs>http://blogs.law.harvard.edu/tech/rss</docs>
    <managingEditor>ABC News</managingEditor>
    <image><title>ABC News</title><url>logo-large.png</url><link>http://www.abc.net.au/preview/default/2717900</link></image>
    <item>
          <title>Former Knox headmaster backflips on claims he misled police</title>
          <link>http://www.abc.net.au/news/2015-03-06/former-knox-headmaster-backflips-on-claims-he-misled-police/6285504</link>
          <description>
              <![CDATA[
              A former headmaster of the prestigious Sydney boys school, Knox Grammar, tells a royal commission he did not try to mislead a police investigation into child sexual abuse.
              ]]>
            </description>
          <pubDate>Fri, 06 Mar 2015 12:34:15 +1100</pubDate>
          <guid isPermaLink="true">http://www.abc.net.au/news/2015-03-06/former-knox-headmaster-backflips-on-claims-he-misled-police/6285504</guid>
          <media:group>
            <media:description>Dr Ian Paterson has now told the commission he did not try to mislead a police investigation. (AAP: Nikki Short)</media:description>
            <media:content url="http://www.abc.net.au/news/image/6279160-16x9-2150x1210.jpg" medium="image" type="image/jpeg" width="2150" height="1210"/>
              <media:content url="http://www.abc.net.au/news/image/6279160-4x3-940x705.jpg" medium="image" type="image/jpeg" width="940" height="705"/>
              <media:content url="http://www.abc.net.au/news/image/6279160-3x2-940x627.jpg" medium="image" type="image/jpeg" width="940" height="627" isDefault="true"/>
              <media:content url="http://www.abc.net.au/news/image/6279160-3x4-940x1253.jpg" medium="image" type="image/jpeg" width="940" height="1253"/>
              <media:content url="http://www.abc.net.au/news/image/6279160-1x1-1400x1400.jpg" medium="image" type="image/jpeg" width="1400" height="1400"/>
              <media:thumbnail url="http://www.abc.net.au/news/image/6279160-4x3-140x105.jpg" width="140" height="105"/>
            </media:group>
          </item>
    <item>
          <title>Harrison Ford injured in Los Angeles plane crash</title>
          <link>http://www.abc.net.au/news/2015-03-06/harrison-ford-plane-crashes-at-la-golf-course/6285456</link>
          <description>
              <![CDATA[
              <p>Actor Harrison Ford is "battered, but OK" after crashing his WWII-era plane on a Los Angeles golf course, his son says.</p>
              ]]>
            </description>
          <pubDate>Fri, 06 Mar 2015 10:42:04 +1100</pubDate>
          <guid isPermaLink="true">http://www.abc.net.au/news/2015-03-06/harrison-ford-plane-crashes-at-la-golf-course/6285456</guid>
          <category>Air and Space</category>
            <category>Accidents</category>
            <category>Arts and Entertainment</category>
            <category>Actor</category>
            <media:group>
            <media:description>A plane, reportedly flown by actor Harrison Ford (inset), lies on the ground after crash landing at Penmar Golf Course in Venice, California, March 5, 2015. (Reuters/AFP)</media:description>
            <media:content url="http://www.abc.net.au/news/image/6285654-16x9-2150x1210.jpg" medium="image" type="image/jpeg" width="2150" height="1210"/>
              <media:content url="http://www.abc.net.au/news/image/6285654-4x3-940x705.jpg" medium="image" type="image/jpeg" width="940" height="705"/>
              <media:content url="http://www.abc.net.au/news/image/6285654-3x2-940x627.jpg" medium="image" type="image/jpeg" width="940" height="627" isDefault="true"/>
              <media:content url="http://www.abc.net.au/news/image/6285654-3x4-940x1253.jpg" medium="image" type="image/jpeg" width="940" height="1253"/>
              <media:content url="http://www.abc.net.au/news/image/6285654-1x1-1400x1400.jpg" medium="image" type="image/jpeg" width="1400" height="1400"/>
              <media:thumbnail url="http://www.abc.net.au/news/image/6285654-4x3-140x105.jpg" width="140" height="105"/>
            </media:group>
          </item>
    <item>
          <title>Woman who suffered years of abuse avoids jail over partner&#039;s manslaughter</title>
          <link>http://www.abc.net.au/news/2015-03-06/jessica-silva-avoids-jail-for-manslaughter-of-abusive-partner/6285488</link>
          <description>
              <![CDATA[
              <p>Jessica Silva, who stabbed and killed her abusive former partner in Sydney in 2012, is given a two-year suspended sentence.</p><p> </p>
              ]]>
            </description>
          <dc:creator>Lucy McNally</dc:creator>
          <pubDate>Fri, 06 Mar 2015 12:08:44 +1100</pubDate>
          <guid isPermaLink="true">http://www.abc.net.au/news/2015-03-06/jessica-silva-avoids-jail-for-manslaughter-of-abusive-partner/6285488</guid>
          <category>Courts and Trials</category>
            <category>Murder and Manslaughter</category>
            <category>Domestic Violence</category>
            <media:group>
            <media:description>Jessica Silva was found guilty of manslaughter in December last year. (AAP: Joel Carrett, file image)</media:description>
            <media:content url="http://www.abc.net.au/news/image/6076340-16x9-2150x1210.jpg" medium="image" type="image/jpeg" width="2150" height="1210"/>
              <media:content url="http://www.abc.net.au/news/image/6076340-4x3-940x705.jpg" medium="image" type="image/jpeg" width="940" height="705"/>
              <media:content url="http://www.abc.net.au/news/image/6076340-3x2-940x627.jpg" medium="image" type="image/jpeg" width="940" height="627" isDefault="true"/>
              <media:content url="http://www.abc.net.au/news/image/6076340-3x4-940x1253.jpg" medium="image" type="image/jpeg" width="940" height="1253"/>
              <media:content url="http://www.abc.net.au/news/image/6076340-1x1-1400x1400.jpg" medium="image" type="image/jpeg" width="1400" height="1400"/>
              <media:thumbnail url="http://www.abc.net.au/news/image/6076340-4x3-140x105.jpg" width="140" height="105"/>
            </media:group>
          </item>
    <item>
          <title>Brief reprieve for Bali Nine duo but prisoner swap offer declined</title>
          <link>http://www.abc.net.au/news/2015-03-06/brief-reprieve-for-bali-nine-inmates-awaiting-execution/6284762</link>
          <description>
              <![CDATA[
              <p>Two Australians listed for execution in Indonesia are given a brief reprieve, while the country's president confirms Jakarta will not take up Australia's offer for a prisoner swap.</p>
              ]]>
            </description>
          <dc:creator>George Roberts And Helen Brown</dc:creator>
          <pubDate>Fri, 06 Mar 2015 07:00:13 +1100</pubDate>
          <guid isPermaLink="true">http://www.abc.net.au/news/2015-03-06/brief-reprieve-for-bali-nine-inmates-awaiting-execution/6284762</guid>
          <category>Prisons and Punishment</category>
            <category>Law, Crime and Justice</category>
            <category>Drug Offences</category>
            <category>Crime</category>
            <category>Foreign Affairs</category>
            <category>Government and Politics</category>
            <media:group>
            <media:description>Australian death row inmates Myuran Sukumaran and Andrew Chan have been given a brief reprieve. (Ake Prihantari)</media:description>
            <media:content url="http://www.abc.net.au/news/image/6280242-16x9-2150x1210.jpg" medium="image" type="image/jpeg" width="2150" height="1210"/>
              <media:content url="http://www.abc.net.au/news/image/6280242-4x3-940x705.jpg" medium="image" type="image/jpeg" width="940" height="705"/>
              <media:content url="http://www.abc.net.au/news/image/6280242-3x2-940x627.jpg" medium="image" type="image/jpeg" width="940" height="627" isDefault="true"/>
              <media:content url="http://www.abc.net.au/news/image/6280242-3x4-940x1253.jpg" medium="image" type="image/jpeg" width="940" height="1253"/>
              <media:content url="http://www.abc.net.au/news/image/6280242-1x1-1400x1400.jpg" medium="image" type="image/jpeg" width="1400" height="1400"/>
              <media:thumbnail url="http://www.abc.net.au/news/image/6280242-4x3-140x105.jpg" width="140" height="105"/>
            </media:group>
          </item>
    <item>
          <title>Bribery allegations against top executives aired under parliamentary privilege</title>
          <link>http://www.abc.net.au/news/2015-03-06/corrupt-practices-of-australian-companies-abroad-under-inquiry/6285004</link>
          <description>
              <![CDATA[
              <p>Allegations of foreign bribery involving some of Australia's biggest corporations and executives look set to be the subject of a Senate inquiry after a Labor senator uses parliamentary privilege to name names.</p>
              ]]>
            </description>
          <pubDate>Fri, 06 Mar 2015 08:38:49 +1100</pubDate>
          <guid isPermaLink="true">http://www.abc.net.au/news/2015-03-06/corrupt-practices-of-australian-companies-abroad-under-inquiry/6285004</guid>
          <category>Corruption</category>
            <category>International Aid and Trade</category>
            <media:group>
            <media:description>Labor Senator Sam Dastyari is pushing for an inquiry into foreign bribery. (AAP Image: Lukas Coch)</media:description>
            <media:content url="http://www.abc.net.au/news/image/6285078-16x9-2150x1210.jpg" medium="image" type="image/jpeg" width="2150" height="1210"/>
              <media:content url="http://www.abc.net.au/news/image/6285078-4x3-940x705.jpg" medium="image" type="image/jpeg" width="940" height="705"/>
              <media:content url="http://www.abc.net.au/news/image/6285078-3x2-940x627.jpg" medium="image" type="image/jpeg" width="940" height="627" isDefault="true"/>
              <media:content url="http://www.abc.net.au/news/image/6285078-3x4-940x1253.jpg" medium="image" type="image/jpeg" width="940" height="1253"/>
              <media:content url="http://www.abc.net.au/news/image/6285078-1x1-1400x1400.jpg" medium="image" type="image/jpeg" width="1400" height="1400"/>
              <media:thumbnail url="http://www.abc.net.au/news/image/6285078-4x3-140x105.jpg" width="140" height="105"/>
            </media:group>
          </item>
    <item>
          <title>Selfie warning: you are risking your life at Top End crocodile hot spot </title>
          <link>http://www.abc.net.au/news/2015-03-06/croc-warning-for-selfie-photographers-at-fogg-dam-nt/6285048</link>
          <description>
              <![CDATA[
              <p>People taking selfies next to crocodiles at a Top End nature park have been warned - you are at risk of being attacked.</p>
              ]]>
            </description>
          <pubDate>Fri, 06 Mar 2015 10:50:15 +1100</pubDate>
          <guid isPermaLink="true">http://www.abc.net.au/news/2015-03-06/croc-warning-for-selfie-photographers-at-fogg-dam-nt/6285048</guid>
          <category>Animal Attacks</category>
            <category>Animals and Nature</category>
            <media:group>
            <media:description>Authorities are warning people of the dangers of posing for photos too close to crocodiles at Darwin&#039;s Fogg Dam. (Supplied: Instagram)</media:description>
            <media:content url="http://www.abc.net.au/news/image/6285124-16x9-2150x1210.jpg" medium="image" type="image/jpeg" width="2150" height="1210"/>
              <media:content url="http://www.abc.net.au/news/image/6285124-4x3-940x705.jpg" medium="image" type="image/jpeg" width="940" height="705"/>
              <media:content url="http://www.abc.net.au/news/image/6285124-3x2-940x627.jpg" medium="image" type="image/jpeg" width="940" height="627" isDefault="true"/>
              <media:content url="http://www.abc.net.au/news/image/6285124-3x4-940x1253.jpg" medium="image" type="image/jpeg" width="940" height="1253"/>
              <media:content url="http://www.abc.net.au/news/image/6285124-1x1-1400x1400.jpg" medium="image" type="image/jpeg" width="1400" height="1400"/>
              <media:thumbnail url="http://www.abc.net.au/news/image/6285124-4x3-140x105.jpg" width="140" height="105"/>
            </media:group>
          </item>
    <item>
          <title>One person feared trapped under collapsed wall in Sydney</title>
          <link>http://www.abc.net.au/news/2015-03-06/one-person-feared-trapped-under-collapsed-wall-in-sydney/6285370</link>
          <description>
              <![CDATA[
              <p>Fire crews search through rubble after reports one person is trapped under a scaffolding wall that collapsed in Sydney's south.</p>
              ]]>
            </description>
          <pubDate>Fri, 06 Mar 2015 11:16:49 +1100</pubDate>
          <guid isPermaLink="true">http://www.abc.net.au/news/2015-03-06/one-person-feared-trapped-under-collapsed-wall-in-sydney/6285370</guid>
          <category>Accidents</category>
            <media:group>
            <media:description>The scaffolding has fallen on top of cars at Forest Road. (Ausgrid)</media:description>
            <media:content url="http://www.abc.net.au/news/image/6285696-16x9-2150x1210.jpg" medium="image" type="image/jpeg" width="2150" height="1210"/>
              <media:content url="http://www.abc.net.au/news/image/6285696-4x3-940x705.jpg" medium="image" type="image/jpeg" width="940" height="705"/>
              <media:content url="http://www.abc.net.au/news/image/6285696-3x2-940x627.jpg" medium="image" type="image/jpeg" width="940" height="627" isDefault="true"/>
              <media:content url="http://www.abc.net.au/news/image/6285696-3x4-940x1253.jpg" medium="image" type="image/jpeg" width="940" height="1253"/>
              <media:content url="http://www.abc.net.au/news/image/6285696-1x1-1400x1400.jpg" medium="image" type="image/jpeg" width="1400" height="1400"/>
              <media:thumbnail url="http://www.abc.net.au/news/image/6285696-4x3-140x105.jpg" width="140" height="105"/>
            </media:group>
          </item>
    <item>
          <title>ACT Chief Minister accidentally kills off Skywhale in radio gaffe</title>
          <link>http://www.abc.net.au/news/2015-03-06/act-chief-minister-accidently-kills-off-skywhale-in-radio-gaffe/6285356</link>
          <description>
              <![CDATA[
              <p>ACT Chief Minister Andrew Barr is forced to make an embarrassing retraction after prematurely killing off Canberra's controversial Skywhale hot air balloon on live radio.</p>
              ]]>
            </description>
          <pubDate>Fri, 06 Mar 2015 10:20:46 +1100</pubDate>
          <guid isPermaLink="true">http://www.abc.net.au/news/2015-03-06/act-chief-minister-accidently-kills-off-skywhale-in-radio-gaffe/6285356</guid>
          <category>Community and Society</category>
            <category>Contemporary Art</category>
            <category>Visual Art</category>
            <media:group>
            <media:description>Crowds gather as the Skywhale balloon prepares to take off in Canberra on May 11, 2013. (ABC News: Siobhan Heanue)</media:description>
            <media:content url="http://www.abc.net.au/news/image/4683438-16x9-2150x1210.jpg" medium="image" type="image/jpeg" width="2150" height="1210"/>
              <media:content url="http://www.abc.net.au/news/image/4683438-4x3-940x705.jpg" medium="image" type="image/jpeg" width="940" height="705"/>
              <media:content url="http://www.abc.net.au/news/image/4683438-3x2-940x627.jpg" medium="image" type="image/jpeg" width="940" height="627" isDefault="true"/>
              <media:content url="http://www.abc.net.au/news/image/4683438-3x4-940x1253.jpg" medium="image" type="image/jpeg" width="940" height="1253"/>
              <media:content url="http://www.abc.net.au/news/image/4683438-1x1-1400x1400.jpg" medium="image" type="image/jpeg" width="1400" height="1400"/>
              <media:thumbnail url="http://www.abc.net.au/news/image/4683438-4x3-140x105.jpg" width="140" height="105"/>
            </media:group>
          </item>
    <item>
          <title>Man took own life after murdering grandson, daughter: police</title>
          <link>http://www.abc.net.au/news/2015-03-06/biddeston-shooting-grandfather-derek-sharpley-took-own-life/6284866</link>
          <description>
              <![CDATA[
              <p>A Queensland grandfather shot himself after killing his young grandson and pregnant daughter at their home near Toowoomba earlier this week, police believe.</p><p> </p>
              ]]>
            </description>
          <dc:creator>Kym  Agius</dc:creator>
          <pubDate>Fri, 06 Mar 2015 08:38:49 +1100</pubDate>
          <guid isPermaLink="true">http://www.abc.net.au/news/2015-03-06/biddeston-shooting-grandfather-derek-sharpley-took-own-life/6284866</guid>
          <category>Murder and Manslaughter</category>
            <media:group>
            <media:description>Kris-Deann Sharpley and her son Jackson, 7, were found dead in a home in Biddeston on Monday evening. (Facebook)</media:description>
            <media:content url="http://www.abc.net.au/news/image/6278162-16x9-2150x1210.jpg" medium="image" type="image/jpeg" width="2150" height="1210"/>
              <media:content url="http://www.abc.net.au/news/image/6278162-4x3-940x705.jpg" medium="image" type="image/jpeg" width="940" height="705"/>
              <media:content url="http://www.abc.net.au/news/image/6278162-3x2-940x627.jpg" medium="image" type="image/jpeg" width="940" height="627" isDefault="true"/>
              <media:content url="http://www.abc.net.au/news/image/6278162-3x4-940x1253.jpg" medium="image" type="image/jpeg" width="940" height="1253"/>
              <media:content url="http://www.abc.net.au/news/image/6278162-1x1-1400x1400.jpg" medium="image" type="image/jpeg" width="1400" height="1400"/>
              <media:thumbnail url="http://www.abc.net.au/news/image/6278162-4x3-140x105.jpg" width="140" height="105"/>
            </media:group>
          </item>
    <item>
          <title>Hunt thankful for QRU support amid cocaine charge</title>
          <link>http://www.abc.net.au/news/2015-03-06/karmichael-hunt-queensland-reds/6285532</link>
          <description>
              <![CDATA[
              <p>Karmichael Hunt has thanked the QRU for supporting him after he was fined over four charges of cocaine possession.</p>
              ]]>
            </description>
          <pubDate>Fri, 06 Mar 2015 11:35:29 +1100</pubDate>
          <guid isPermaLink="true">http://www.abc.net.au/news/2015-03-06/karmichael-hunt-queensland-reds/6285532</guid>
          <category>Super Rugby</category>
            <category>Rugby Union</category>
            <category>Sport</category>
            <category>Drug Offences</category>
            <category>Crime</category>
            <category>Law, Crime and Justice</category>
            <media:group>
            <media:description>Apologetic ... Karmichael Hunt. (AAP: Dan Peled)</media:description>
            <media:content url="http://www.abc.net.au/news/image/6285888-16x9-2150x1210.jpg" medium="image" type="image/jpeg" width="2150" height="1210"/>
              <media:content url="http://www.abc.net.au/news/image/6285888-4x3-940x705.jpg" medium="image" type="image/jpeg" width="940" height="705"/>
              <media:content url="http://www.abc.net.au/news/image/6285888-3x2-940x627.jpg" medium="image" type="image/jpeg" width="940" height="627" isDefault="true"/>
              <media:content url="http://www.abc.net.au/news/image/6285888-3x4-940x1253.jpg" medium="image" type="image/jpeg" width="940" height="1253"/>
              <media:content url="http://www.abc.net.au/news/image/6285888-1x1-1400x1400.jpg" medium="image" type="image/jpeg" width="1400" height="1400"/>
              <media:thumbnail url="http://www.abc.net.au/news/image/6285888-4x3-140x105.jpg" width="140" height="105"/>
            </media:group>
          </item>
    <item>
          <title>Islamic State accused of bulldozing ancient Assyrian city</title>
          <link>http://www.abc.net.au/news/2015-03-06/is-bulldozed-ancient-assyrian-city-of-nimrud-iraq-govt-says/6284994</link>
          <description>
              <![CDATA[
              <p>Islamic State militants are accused of bulldozing the ancient Assyrian city of Nimrud, in the jihadists' latest attack on Iraq's historical heritage.</p>
              ]]>
            </description>
          <pubDate>Fri, 06 Mar 2015 08:47:57 +1100</pubDate>
          <guid isPermaLink="true">http://www.abc.net.au/news/2015-03-06/is-bulldozed-ancient-assyrian-city-of-nimrud-iraq-govt-says/6284994</guid>
          <category>Terrorism</category>
            <category>History</category>
            <category>Archaeology</category>
            <category>Unrest, Conflict and War</category>
            <media:group>
            <media:description>An aerial view of the ancient Assyrian city of Nimrud in modern-day Iraq (UNESCO)</media:description>
            <media:content url="http://www.abc.net.au/news/image/6285128-16x9-2150x1210.jpg" medium="image" type="image/jpeg" width="2150" height="1210"/>
              <media:content url="http://www.abc.net.au/news/image/6285128-4x3-940x705.jpg" medium="image" type="image/jpeg" width="940" height="705"/>
              <media:content url="http://www.abc.net.au/news/image/6285128-3x2-940x627.jpg" medium="image" type="image/jpeg" width="940" height="627" isDefault="true"/>
              <media:content url="http://www.abc.net.au/news/image/6285128-3x4-940x1253.jpg" medium="image" type="image/jpeg" width="940" height="1253"/>
              <media:content url="http://www.abc.net.au/news/image/6285128-1x1-1400x1400.jpg" medium="image" type="image/jpeg" width="1400" height="1400"/>
              <media:thumbnail url="http://www.abc.net.au/news/image/6285128-4x3-140x105.jpg" width="140" height="105"/>
            </media:group>
          </item>
    <item>
          <title>Irregularities found in Pharmacy Guild&#039;s $15b deal with Government</title>
          <link>http://www.abc.net.au/news/2015-03-06/pharmacy-guild-15-billion-agreement-money-spending-concerns/6284616</link>
          <description>
              <![CDATA[
              <p>Serious concerns are raised about how millions of dollars of taxpayers' money has been spent by the Pharmacy Guild of Australia as part of its $15 billion deal with the Federal Government to dispense medications on the Pharmaceutical Benefits Scheme.</p>
              ]]>
            </description>
          <pubDate>Fri, 06 Mar 2015 06:19:44 +1100</pubDate>
          <guid isPermaLink="true">http://www.abc.net.au/news/2015-03-06/pharmacy-guild-15-billion-agreement-money-spending-concerns/6284616</guid>
          <category>Health Administration</category>
            <category>Health Policy</category>
            <category>Federal Government</category>
            <category>Federal Parliament</category>
            <media:group>
            <media:description>Health advocates have called for a full and open inquiry into the audit&#039;s findings. (ABC News)</media:description>
            <media:content url="http://www.abc.net.au/news/image/4989652-16x9-2150x1210.jpg" medium="image" type="image/jpeg" width="2150" height="1210"/>
              <media:content url="http://www.abc.net.au/news/image/4989652-4x3-940x705.jpg" medium="image" type="image/jpeg" width="940" height="705"/>
              <media:content url="http://www.abc.net.au/news/image/4989652-3x2-940x627.jpg" medium="image" type="image/jpeg" width="940" height="627" isDefault="true"/>
              <media:content url="http://www.abc.net.au/news/image/4989652-3x4-940x1253.jpg" medium="image" type="image/jpeg" width="940" height="1253"/>
              <media:content url="http://www.abc.net.au/news/image/4989652-1x1-1400x1400.jpg" medium="image" type="image/jpeg" width="1400" height="1400"/>
              <media:thumbnail url="http://www.abc.net.au/news/image/4989652-4x3-140x105.jpg" width="140" height="105"/>
            </media:group>
          </item>
    </channel>
</rss>